<?xml version="1.0" encoding="UTF-8"?>
<!-- Generated by org.testng.reporters.JUnitReportReporter -->
<testsuite skipped="0" hostname="DESKTOP-PTKMPFJ" name="com.crm.qa.tests.LoginPageTest" tests="1" failures="0" timestamp="24 Jul 2018 10:59:46 GMT" time="39.467" errors="0">
  <testcase name="loginPageTitleTest" time="39.467" classname="com.crm.qa.tests.LoginPageTest"/>
</testsuite> <!-- com.crm.qa.tests.LoginPageTest -->
