<?xml version="1.0" encoding="UTF-8"?>
<!-- Generated by org.testng.reporters.JUnitReportReporter -->
<testsuite skipped="0" hostname="DESKTOP-PTKMPFJ" name="com.crm.qa.tests.ContactsPageTest" tests="2" failures="0" timestamp="31 Jul 2018 14:15:41 GMT" time="111.973" errors="0">
  <testcase name="verifyContactsLabelTest" time="37.723" classname="com.crm.qa.tests.ContactsPageTest"/>
  <testcase name="selectContactsTest" time="74.250" classname="com.crm.qa.tests.ContactsPageTest"/>
</testsuite> <!-- com.crm.qa.tests.ContactsPageTest -->
